2025-09-19 17:06:06 [ERROR]: Error obteniendo 치lbumes: Album.paginate is not a function
TypeError: Album.paginate is not a function
    at getAlbums (C:\Users\gomez\Documents\TOP\backend\controllers\discographyController.js:28:34)
    at Layer.handleRequest (C:\Users\gomez\Documents\TOP\backend\node_modules\router\lib\layer.js:152:17)
    at next (C:\Users\gomez\Documents\TOP\backend\node_modules\router\lib\route.js:157:13)
    at middleware (C:\Users\gomez\Documents\TOP\backend\node_modules\express-validator\lib\middlewares\check.js:16:13)
    at process.processTicksAndRejections (node:internal/process/task_queues:105:5)
2025-09-19 17:06:06 [ERROR]: Error obteniendo 치lbumes: Album.paginate is not a function
TypeError: Album.paginate is not a function
    at getAlbums (C:\Users\gomez\Documents\TOP\backend\controllers\discographyController.js:28:34)
    at Layer.handleRequest (C:\Users\gomez\Documents\TOP\backend\node_modules\router\lib\layer.js:152:17)
    at next (C:\Users\gomez\Documents\TOP\backend\node_modules\router\lib\route.js:157:13)
    at middleware (C:\Users\gomez\Documents\TOP\backend\node_modules\express-validator\lib\middlewares\check.js:16:13)
    at process.processTicksAndRejections (node:internal/process/task_queues:105:5)
2025-09-19 17:06:12 [ERROR]: Error en sanitizaci칩n de entrada: obj.hasOwnProperty is not a function
TypeError: obj.hasOwnProperty is not a function
    at sanitizeObject (C:\Users\gomez\Documents\TOP\backend\middleware\security.js:59:13)
    at sanitizeInput (C:\Users\gomez\Documents\TOP\backend\middleware\security.js:16:7)
    at Layer.handleRequest (C:\Users\gomez\Documents\TOP\backend\node_modules\router\lib\layer.js:152:17)
    at trimPrefix (C:\Users\gomez\Documents\TOP\backend\node_modules\router\index.js:342:13)
    at C:\Users\gomez\Documents\TOP\backend\node_modules\router\index.js:297:9
    at processParams (C:\Users\gomez\Documents\TOP\backend\node_modules\router\index.js:582:12)
    at next (C:\Users\gomez\Documents\TOP\backend\node_modules\router\index.js:291:5)
    at securityLogger (C:\Users\gomez\Documents\TOP\backend\middleware\security.js:260:3)
    at Layer.handleRequest (C:\Users\gomez\Documents\TOP\backend\node_modules\router\lib\layer.js:152:17)
    at trimPrefix (C:\Users\gomez\Documents\TOP\backend\node_modules\router\index.js:342:13)
2025-09-19 17:06:12 [ERROR]: Error en sanitizaci칩n de entrada: obj.hasOwnProperty is not a function
TypeError: obj.hasOwnProperty is not a function
    at sanitizeObject (C:\Users\gomez\Documents\TOP\backend\middleware\security.js:59:13)
    at sanitizeInput (C:\Users\gomez\Documents\TOP\backend\middleware\security.js:16:7)
    at Layer.handleRequest (C:\Users\gomez\Documents\TOP\backend\node_modules\router\lib\layer.js:152:17)
    at trimPrefix (C:\Users\gomez\Documents\TOP\backend\node_modules\router\index.js:342:13)
    at C:\Users\gomez\Documents\TOP\backend\node_modules\router\index.js:297:9
    at processParams (C:\Users\gomez\Documents\TOP\backend\node_modules\router\index.js:582:12)
    at next (C:\Users\gomez\Documents\TOP\backend\node_modules\router\index.js:291:5)
    at securityLogger (C:\Users\gomez\Documents\TOP\backend\middleware\security.js:260:3)
    at Layer.handleRequest (C:\Users\gomez\Documents\TOP\backend\node_modules\router\lib\layer.js:152:17)
    at trimPrefix (C:\Users\gomez\Documents\TOP\backend\node_modules\router\index.js:342:13)
2025-09-19 18:05:09 [ERROR]: Error en ruta /concerts/search: Converting circular structure to JSON
    --> starting at object with constructor 'ClientRequest'
    |     property 'res' -> object with constructor 'IncomingMessage'
    --- property 'req' closes the circle
TypeError: Converting circular structure to JSON
    --> starting at object with constructor 'ClientRequest'
    |     property 'res' -> object with constructor 'IncomingMessage'
    --- property 'req' closes the circle
    at JSON.stringify (<anonymous>)
    at Printf.template (C:\Users\gomez\Documents\TOP\backend\utils\logger.js:32:25)
    at Printf.transform (C:\Users\gomez\Documents\TOP\backend\node_modules\logform\printf.js:11:26)
    at Format.transform (C:\Users\gomez\Documents\TOP\backend\node_modules\logform\combine.js:20:24)
    at DerivedLogger._transform (C:\Users\gomez\Documents\TOP\backend\node_modules\winston\lib\winston\logger.js:314:29)
    at Transform._read (C:\Users\gomez\Documents\TOP\backend\node_modules\readable-stream\lib\_stream_transform.js:166:10)
    at Transform._write (C:\Users\gomez\Documents\TOP\backend\node_modules\readable-stream\lib\_stream_transform.js:155:83)
    at doWrite (C:\Users\gomez\Documents\TOP\backend\node_modules\readable-stream\lib\_stream_writable.js:390:139)
    at writeOrBuffer (C:\Users\gomez\Documents\TOP\backend\node_modules\readable-stream\lib\_stream_writable.js:381:5)
    at Writable.write (C:\Users\gomez\Documents\TOP\backend\node_modules\readable-stream\lib\_stream_writable.js:302:11)
2025-09-19 18:05:09 [ERROR]: Error en ruta /concerts/search: Converting circular structure to JSON
    --> starting at object with constructor 'ClientRequest'
    |     property 'res' -> object with constructor 'IncomingMessage'
    --- property 'req' closes the circle
TypeError: Converting circular structure to JSON
    --> starting at object with constructor 'ClientRequest'
    |     property 'res' -> object with constructor 'IncomingMessage'
    --- property 'req' closes the circle
    at JSON.stringify (<anonymous>)
    at Printf.template (C:\Users\gomez\Documents\TOP\backend\utils\logger.js:32:25)
    at Printf.transform (C:\Users\gomez\Documents\TOP\backend\node_modules\logform\printf.js:11:26)
    at Format.transform (C:\Users\gomez\Documents\TOP\backend\node_modules\logform\combine.js:20:24)
    at DerivedLogger._transform (C:\Users\gomez\Documents\TOP\backend\node_modules\winston\lib\winston\logger.js:314:29)
    at Transform._read (C:\Users\gomez\Documents\TOP\backend\node_modules\readable-stream\lib\_stream_transform.js:166:10)
    at Transform._write (C:\Users\gomez\Documents\TOP\backend\node_modules\readable-stream\lib\_stream_transform.js:155:83)
    at doWrite (C:\Users\gomez\Documents\TOP\backend\node_modules\readable-stream\lib\_stream_writable.js:390:139)
    at writeOrBuffer (C:\Users\gomez\Documents\TOP\backend\node_modules\readable-stream\lib\_stream_writable.js:381:5)
    at Writable.write (C:\Users\gomez\Documents\TOP\backend\node_modules\readable-stream\lib\_stream_writable.js:302:11)
