2025-09-18 17:29:57 [ERROR]: Error conectando a MongoDB | {"error":"bad auth : authentication failed"}
2025-09-18 18:01:09 [ERROR]: Error conectando a MongoDB | {"error":"bad auth : authentication failed"}
2025-09-18 18:01:33 [ERROR]: Error conectando a MongoDB | {"error":"bad auth : authentication failed"}
2025-09-18 18:01:52 [ERROR]: Error conectando a MongoDB | {"error":"bad auth : authentication failed"}
2025-09-18 18:02:14 [ERROR]: Error conectando a MongoDB | {"error":"bad auth : authentication failed"}
2025-09-18 18:03:27 [ERROR]: Error conectando a MongoDB | {"error":"bad auth : authentication failed"}
2025-09-18 18:03:53 [ERROR]: Error conectando a MongoDB | {"error":"bad auth : authentication failed"}
2025-09-18 18:04:15 [ERROR]: Error conectando a MongoDB | {"error":"bad auth : authentication failed"}
2025-09-18 18:04:34 [ERROR]: Error conectando a MongoDB | {"error":"bad auth : authentication failed"}
2025-09-18 18:04:55 [ERROR]: Error conectando a MongoDB | {"error":"bad auth : authentication failed"}
2025-09-18 18:08:47 [ERROR]: Error conectando a MongoDB | {"error":"bad auth : authentication failed"}
2025-09-18 18:09:08 [ERROR]: Error conectando a MongoDB | {"error":"bad auth : authentication failed"}
2025-09-18 18:09:30 [ERROR]: Error conectando a MongoDB | {"error":"bad auth : authentication failed"}
2025-09-18 18:09:54 [ERROR]: Error conectando a MongoDB | {"error":"bad auth : authentication failed"}
2025-09-18 18:10:12 [ERROR]: Error conectando a MongoDB | {"error":"bad auth : authentication failed"}
2025-09-18 18:10:18 [ERROR]: Error conectando a MongoDB | {"error":"bad auth : authentication failed"}
2025-09-18 18:10:36 [ERROR]: Error conectando a MongoDB | {"error":"bad auth : authentication failed"}
2025-09-18 18:10:43 [ERROR]: Error conectando a MongoDB | {"error":"bad auth : authentication failed"}
2025-09-18 18:11:22 [ERROR]: Error conectando a MongoDB | {"error":"bad auth : authentication failed"}
2025-09-18 18:29:43 [ERROR]: uncaughtException: EPIPE: broken pipe, write
Error: EPIPE: broken pipe, write
    at Socket._write (node:internal/net:63:18)
    at writeOrBuffer (node:internal/streams/writable:572:12)
    at _write (node:internal/streams/writable:501:10)
    at Writable.write (node:internal/streams/writable:510:10)
    at console.value (node:internal/console/constructor:298:16)
    at console.error (node:internal/console/constructor:412:26)
    at EventEmitter.<anonymous> (c:\Users\gomez\Documents\TOP\backend\services\cacheService.js:30:17)
    at EventEmitter.emit (node:events:518:28)
    at EventEmitter.silentEmit (c:\Users\gomez\Documents\TOP\backend\node_modules\ioredis\built\Redis.js:483:30)
    at Socket.<anonymous> (c:\Users\gomez\Documents\TOP\backend\node_modules\ioredis\built\redis\event_handler.js:196:14)
    at Object.onceWrapper (node:events:633:26)
    at Socket.emit (node:events:530:35)
    at emitErrorNT (node:internal/streams/destroy:170:8)
    at emitErrorCloseNT (node:internal/streams/destroy:129:3)
    at process.processTicksAndRejections (node:internal/process/task_queues:90:21) | {"error":{"errno":-4047,"syscall":"write","code":"EPIPE"},"stack":"Error: EPIPE: broken pipe, write\n    at Socket._write (node:internal/net:63:18)\n    at writeOrBuffer (node:internal/streams/writable:572:12)\n    at _write (node:internal/streams/writable:501:10)\n    at Writable.write (node:internal/streams/writable:510:10)\n    at console.value (node:internal/console/constructor:298:16)\n    at console.error (node:internal/console/constructor:412:26)\n    at EventEmitter.<anonymous> (c:\\Users\\gomez\\Documents\\TOP\\backend\\services\\cacheService.js:30:17)\n    at EventEmitter.emit (node:events:518:28)\n    at EventEmitter.silentEmit (c:\\Users\\gomez\\Documents\\TOP\\backend\\node_modules\\ioredis\\built\\Redis.js:483:30)\n    at Socket.<anonymous> (c:\\Users\\gomez\\Documents\\TOP\\backend\\node_modules\\ioredis\\built\\redis\\event_handler.js:196:14)\n    at Object.onceWrapper (node:events:633:26)\n    at Socket.emit (node:events:530:35)\n    at emitErrorNT (node:internal/streams/destroy:170:8)\n    at emitErrorCloseNT (node:internal/streams/destroy:129:3)\n    at process.processTicksAndRejections (node:internal/process/task_queues:90:21)","exception":true,"date":"Thu Sep 18 2025 18:29:43 GMT-0600 (hora estándar central)","process":{"pid":8832,"uid":null,"gid":null,"cwd":"c:\\Users\\gomez\\Documents\\TOP\\backend","execPath":"C:\\Program Files\\nodejs\\node.exe","version":"v22.18.0","argv":["C:\\Program Files\\nodejs\\node.exe","c:\\Users\\gomez\\Documents\\TOP\\backend\\server.js"],"memoryUsage":{"rss":155975680,"heapTotal":99393536,"heapUsed":93325624,"external":22055480,"arrayBuffers":18387532}},"os":{"loadavg":[0,0,0],"uptime":18360.031},"trace":[{"column":18,"file":"node:internal/net","function":"Socket._write","line":63,"method":"_write","native":false},{"column":12,"file":"node:internal/streams/writable","function":"writeOrBuffer","line":572,"method":null,"native":false},{"column":10,"file":"node:internal/streams/writable","function":"_write","line":501,"method":null,"native":false},{"column":10,"file":"node:internal/streams/writable","function":"Writable.write","line":510,"method":"write","native":false},{"column":16,"file":"node:internal/console/constructor","function":"console.value","line":298,"method":"value","native":false},{"column":26,"file":"node:internal/console/constructor","function":"console.error","line":412,"method":"error","native":false},{"column":17,"file":"c:\\Users\\gomez\\Documents\\TOP\\backend\\services\\cacheService.js","function":null,"line":30,"method":null,"native":false},{"column":28,"file":"node:events","function":"EventEmitter.emit","line":518,"method":"emit","native":false},{"column":30,"file":"c:\\Users\\gomez\\Documents\\TOP\\backend\\node_modules\\ioredis\\built\\Redis.js","function":"EventEmitter.silentEmit","line":483,"method":"silentEmit","native":false},{"column":14,"file":"c:\\Users\\gomez\\Documents\\TOP\\backend\\node_modules\\ioredis\\built\\redis\\event_handler.js","function":null,"line":196,"method":null,"native":false},{"column":26,"file":"node:events","function":"Object.onceWrapper","line":633,"method":"onceWrapper","native":false},{"column":35,"file":"node:events","function":"Socket.emit","line":530,"method":"emit","native":false},{"column":8,"file":"node:internal/streams/destroy","function":"emitErrorNT","line":170,"method":null,"native":false},{"column":3,"file":"node:internal/streams/destroy","function":"emitErrorCloseNT","line":129,"method":null,"native":false},{"column":21,"file":"node:internal/process/task_queues","function":"process.processTicksAndRejections","line":90,"method":"processTicksAndRejections","native":false}]}
