2025-09-19 16:02:01 [ERROR]: uncaughtException: Missing parameter name at index 1: *; visit https://git.new/pathToRegexpError for info
TypeError: Missing parameter name at index 1: *; visit https://git.new/pathToRegexpError for info
    at name (C:\Users\gomez\Documents\TOP\backend\node_modules\path-to-regexp\dist\index.js:96:19)
    at parse (C:\Users\gomez\Documents\TOP\backend\node_modules\path-to-regexp\dist\index.js:113:68)
    at pathToRegexp (C:\Users\gomez\Documents\TOP\backend\node_modules\path-to-regexp\dist\index.js:267:58)
    at Object.match (C:\Users\gomez\Documents\TOP\backend\node_modules\path-to-regexp\dist\index.js:237:30)
    at matcher (C:\Users\gomez\Documents\TOP\backend\node_modules\router\lib\layer.js:86:23)
    at new Layer (C:\Users\gomez\Documents\TOP\backend\node_modules\router\lib\layer.js:93:62)
    at Function.use (C:\Users\gomez\Documents\TOP\backend\node_modules\router\index.js:398:19)
    at Function.<anonymous> (C:\Users\gomez\Documents\TOP\backend\node_modules\express\lib\application.js:222:21)
    at Array.forEach (<anonymous>)
    at Function.use (C:\Users\gomez\Documents\TOP\backend\node_modules\express\lib\application.js:219:7)
    at Object.<anonymous> (C:\Users\gomez\Documents\TOP\backend\server.js:157:5)
    at Module._compile (node:internal/modules/cjs/loader:1688:14)
    at Object..js (node:internal/modules/cjs/loader:1820:10)
    at Module.load (node:internal/modules/cjs/loader:1423:32)
    at Function._load (node:internal/modules/cjs/loader:1246:12)
    at TracingChannel.traceSync (node:diagnostics_channel:322:14) | {"error":{"originalPath":"*"},"exception":true,"date":"Fri Sep 19 2025 16:02:01 GMT-0600 (hora estándar central)","process":{"pid":20484,"uid":null,"gid":null,"cwd":"C:\\Users\\gomez\\Documents\\TOP\\backend","execPath":"C:\\Program Files\\nodejs\\node.exe","version":"v22.18.0","argv":["C:\\Program Files\\nodejs\\node.exe","C:\\Users\\gomez\\Documents\\TOP\\backend\\server.js"],"memoryUsage":{"rss":175296512,"heapTotal":132632576,"heapUsed":101328960,"external":21848396,"arrayBuffers":18346768}},"os":{"loadavg":[0,0,0],"uptime":13755.187},"trace":[{"column":19,"file":"C:\\Users\\gomez\\Documents\\TOP\\backend\\node_modules\\path-to-regexp\\dist\\index.js","function":"name","line":96,"method":null,"native":false},{"column":68,"file":"C:\\Users\\gomez\\Documents\\TOP\\backend\\node_modules\\path-to-regexp\\dist\\index.js","function":"parse","line":113,"method":null,"native":false},{"column":58,"file":"C:\\Users\\gomez\\Documents\\TOP\\backend\\node_modules\\path-to-regexp\\dist\\index.js","function":"pathToRegexp","line":267,"method":null,"native":false},{"column":30,"file":"C:\\Users\\gomez\\Documents\\TOP\\backend\\node_modules\\path-to-regexp\\dist\\index.js","function":"Object.match","line":237,"method":"match","native":false},{"column":23,"file":"C:\\Users\\gomez\\Documents\\TOP\\backend\\node_modules\\router\\lib\\layer.js","function":"matcher","line":86,"method":null,"native":false},{"column":62,"file":"C:\\Users\\gomez\\Documents\\TOP\\backend\\node_modules\\router\\lib\\layer.js","function":"new Layer","line":93,"method":null,"native":false},{"column":19,"file":"C:\\Users\\gomez\\Documents\\TOP\\backend\\node_modules\\router\\index.js","function":"Function.use","line":398,"method":"use","native":false},{"column":21,"file":"C:\\Users\\gomez\\Documents\\TOP\\backend\\node_modules\\express\\lib\\application.js","function":null,"line":222,"method":null,"native":false},{"column":null,"file":null,"function":"Array.forEach","line":null,"method":"forEach","native":false},{"column":7,"file":"C:\\Users\\gomez\\Documents\\TOP\\backend\\node_modules\\express\\lib\\application.js","function":"Function.use","line":219,"method":"use","native":false},{"column":5,"file":"C:\\Users\\gomez\\Documents\\TOP\\backend\\server.js","function":null,"line":157,"method":null,"native":false},{"column":14,"file":"node:internal/modules/cjs/loader","function":"Module._compile","line":1688,"method":"_compile","native":false},{"column":10,"file":"node:internal/modules/cjs/loader","function":"Object..js","line":1820,"method":".js","native":false},{"column":32,"file":"node:internal/modules/cjs/loader","function":"Module.load","line":1423,"method":"load","native":false},{"column":12,"file":"node:internal/modules/cjs/loader","function":"Function._load","line":1246,"method":"_load","native":false},{"column":14,"file":"node:diagnostics_channel","function":"TracingChannel.traceSync","line":322,"method":"traceSync","native":false}]}
TypeError: Missing parameter name at index 1: *; visit https://git.new/pathToRegexpError for info
    at name (C:\Users\gomez\Documents\TOP\backend\node_modules\path-to-regexp\dist\index.js:96:19)
    at parse (C:\Users\gomez\Documents\TOP\backend\node_modules\path-to-regexp\dist\index.js:113:68)
    at pathToRegexp (C:\Users\gomez\Documents\TOP\backend\node_modules\path-to-regexp\dist\index.js:267:58)
    at Object.match (C:\Users\gomez\Documents\TOP\backend\node_modules\path-to-regexp\dist\index.js:237:30)
    at matcher (C:\Users\gomez\Documents\TOP\backend\node_modules\router\lib\layer.js:86:23)
    at new Layer (C:\Users\gomez\Documents\TOP\backend\node_modules\router\lib\layer.js:93:62)
    at Function.use (C:\Users\gomez\Documents\TOP\backend\node_modules\router\index.js:398:19)
    at Function.<anonymous> (C:\Users\gomez\Documents\TOP\backend\node_modules\express\lib\application.js:222:21)
    at Array.forEach (<anonymous>)
    at Function.use (C:\Users\gomez\Documents\TOP\backend\node_modules\express\lib\application.js:219:7)
    at Object.<anonymous> (C:\Users\gomez\Documents\TOP\backend\server.js:157:5)
    at Module._compile (node:internal/modules/cjs/loader:1688:14)
    at Object..js (node:internal/modules/cjs/loader:1820:10)
    at Module.load (node:internal/modules/cjs/loader:1423:32)
    at Function._load (node:internal/modules/cjs/loader:1246:12)
    at TracingChannel.traceSync (node:diagnostics_channel:322:14)
2025-09-19 16:03:55 [ERROR]: uncaughtException: Missing parameter name at index 1: *; visit https://git.new/pathToRegexpError for info
TypeError: Missing parameter name at index 1: *; visit https://git.new/pathToRegexpError for info
    at name (c:\Users\gomez\Documents\TOP\backend\node_modules\path-to-regexp\dist\index.js:96:19)
    at parse (c:\Users\gomez\Documents\TOP\backend\node_modules\path-to-regexp\dist\index.js:113:68)
    at pathToRegexp (c:\Users\gomez\Documents\TOP\backend\node_modules\path-to-regexp\dist\index.js:267:58)
    at Object.match (c:\Users\gomez\Documents\TOP\backend\node_modules\path-to-regexp\dist\index.js:237:30)
    at matcher (c:\Users\gomez\Documents\TOP\backend\node_modules\router\lib\layer.js:86:23)
    at new Layer (c:\Users\gomez\Documents\TOP\backend\node_modules\router\lib\layer.js:93:62)
    at Function.use (c:\Users\gomez\Documents\TOP\backend\node_modules\router\index.js:398:19)
    at Function.<anonymous> (c:\Users\gomez\Documents\TOP\backend\node_modules\express\lib\application.js:222:21)
    at Array.forEach (<anonymous>)
    at Function.use (c:\Users\gomez\Documents\TOP\backend\node_modules\express\lib\application.js:219:7)
    at Object.<anonymous> (c:\Users\gomez\Documents\TOP\backend\server.js:157:5)
    at Module._compile (node:internal/modules/cjs/loader:1688:14)
    at Object..js (node:internal/modules/cjs/loader:1820:10)
    at Module.load (node:internal/modules/cjs/loader:1423:32)
    at Function._load (node:internal/modules/cjs/loader:1246:12)
    at TracingChannel.traceSync (node:diagnostics_channel:322:14) | {"error":{"originalPath":"*"},"exception":true,"date":"Fri Sep 19 2025 16:03:55 GMT-0600 (hora estándar central)","process":{"pid":13712,"uid":null,"gid":null,"cwd":"c:\\Users\\gomez\\Documents\\TOP\\backend","execPath":"C:\\Program Files\\nodejs\\node.exe","version":"v22.18.0","argv":["C:\\Program Files\\nodejs\\node.exe","c:\\Users\\gomez\\Documents\\TOP\\backend\\server.js"],"memoryUsage":{"rss":172371968,"heapTotal":130011136,"heapUsed":105179416,"external":21822032,"arrayBuffers":18346592}},"os":{"loadavg":[0,0,0],"uptime":13870.031},"trace":[{"column":19,"file":"c:\\Users\\gomez\\Documents\\TOP\\backend\\node_modules\\path-to-regexp\\dist\\index.js","function":"name","line":96,"method":null,"native":false},{"column":68,"file":"c:\\Users\\gomez\\Documents\\TOP\\backend\\node_modules\\path-to-regexp\\dist\\index.js","function":"parse","line":113,"method":null,"native":false},{"column":58,"file":"c:\\Users\\gomez\\Documents\\TOP\\backend\\node_modules\\path-to-regexp\\dist\\index.js","function":"pathToRegexp","line":267,"method":null,"native":false},{"column":30,"file":"c:\\Users\\gomez\\Documents\\TOP\\backend\\node_modules\\path-to-regexp\\dist\\index.js","function":"Object.match","line":237,"method":"match","native":false},{"column":23,"file":"c:\\Users\\gomez\\Documents\\TOP\\backend\\node_modules\\router\\lib\\layer.js","function":"matcher","line":86,"method":null,"native":false},{"column":62,"file":"c:\\Users\\gomez\\Documents\\TOP\\backend\\node_modules\\router\\lib\\layer.js","function":"new Layer","line":93,"method":null,"native":false},{"column":19,"file":"c:\\Users\\gomez\\Documents\\TOP\\backend\\node_modules\\router\\index.js","function":"Function.use","line":398,"method":"use","native":false},{"column":21,"file":"c:\\Users\\gomez\\Documents\\TOP\\backend\\node_modules\\express\\lib\\application.js","function":null,"line":222,"method":null,"native":false},{"column":null,"file":null,"function":"Array.forEach","line":null,"method":"forEach","native":false},{"column":7,"file":"c:\\Users\\gomez\\Documents\\TOP\\backend\\node_modules\\express\\lib\\application.js","function":"Function.use","line":219,"method":"use","native":false},{"column":5,"file":"c:\\Users\\gomez\\Documents\\TOP\\backend\\server.js","function":null,"line":157,"method":null,"native":false},{"column":14,"file":"node:internal/modules/cjs/loader","function":"Module._compile","line":1688,"method":"_compile","native":false},{"column":10,"file":"node:internal/modules/cjs/loader","function":"Object..js","line":1820,"method":".js","native":false},{"column":32,"file":"node:internal/modules/cjs/loader","function":"Module.load","line":1423,"method":"load","native":false},{"column":12,"file":"node:internal/modules/cjs/loader","function":"Function._load","line":1246,"method":"_load","native":false},{"column":14,"file":"node:diagnostics_channel","function":"TracingChannel.traceSync","line":322,"method":"traceSync","native":false}]}
TypeError: Missing parameter name at index 1: *; visit https://git.new/pathToRegexpError for info
    at name (c:\Users\gomez\Documents\TOP\backend\node_modules\path-to-regexp\dist\index.js:96:19)
    at parse (c:\Users\gomez\Documents\TOP\backend\node_modules\path-to-regexp\dist\index.js:113:68)
    at pathToRegexp (c:\Users\gomez\Documents\TOP\backend\node_modules\path-to-regexp\dist\index.js:267:58)
    at Object.match (c:\Users\gomez\Documents\TOP\backend\node_modules\path-to-regexp\dist\index.js:237:30)
    at matcher (c:\Users\gomez\Documents\TOP\backend\node_modules\router\lib\layer.js:86:23)
    at new Layer (c:\Users\gomez\Documents\TOP\backend\node_modules\router\lib\layer.js:93:62)
    at Function.use (c:\Users\gomez\Documents\TOP\backend\node_modules\router\index.js:398:19)
    at Function.<anonymous> (c:\Users\gomez\Documents\TOP\backend\node_modules\express\lib\application.js:222:21)
    at Array.forEach (<anonymous>)
    at Function.use (c:\Users\gomez\Documents\TOP\backend\node_modules\express\lib\application.js:219:7)
    at Object.<anonymous> (c:\Users\gomez\Documents\TOP\backend\server.js:157:5)
    at Module._compile (node:internal/modules/cjs/loader:1688:14)
    at Object..js (node:internal/modules/cjs/loader:1820:10)
    at Module.load (node:internal/modules/cjs/loader:1423:32)
    at Function._load (node:internal/modules/cjs/loader:1246:12)
    at TracingChannel.traceSync (node:diagnostics_channel:322:14)
2025-09-19 16:06:19 [ERROR]: uncaughtException: Missing parameter name at index 1: *; visit https://git.new/pathToRegexpError for info
TypeError: Missing parameter name at index 1: *; visit https://git.new/pathToRegexpError for info
    at name (c:\Users\gomez\Documents\TOP\backend\node_modules\path-to-regexp\dist\index.js:96:19)
    at parse (c:\Users\gomez\Documents\TOP\backend\node_modules\path-to-regexp\dist\index.js:113:68)
    at pathToRegexp (c:\Users\gomez\Documents\TOP\backend\node_modules\path-to-regexp\dist\index.js:267:58)
    at Object.match (c:\Users\gomez\Documents\TOP\backend\node_modules\path-to-regexp\dist\index.js:237:30)
    at matcher (c:\Users\gomez\Documents\TOP\backend\node_modules\router\lib\layer.js:86:23)
    at new Layer (c:\Users\gomez\Documents\TOP\backend\node_modules\router\lib\layer.js:93:62)
    at Function.use (c:\Users\gomez\Documents\TOP\backend\node_modules\router\index.js:398:19)
    at Function.<anonymous> (c:\Users\gomez\Documents\TOP\backend\node_modules\express\lib\application.js:222:21)
    at Array.forEach (<anonymous>)
    at Function.use (c:\Users\gomez\Documents\TOP\backend\node_modules\express\lib\application.js:219:7) | {"error":{"originalPath":"*"},"exception":true,"date":"Fri Sep 19 2025 16:06:19 GMT-0600 (hora estándar central)","process":{"pid":11300,"uid":null,"gid":null,"cwd":"c:\\Users\\gomez\\Documents\\TOP\\backend","execPath":"C:\\Program Files\\nodejs\\node.exe","version":"v22.18.0","argv":["C:\\Program Files\\nodejs\\node.exe","c:\\Users\\gomez\\Documents\\TOP\\backend\\server.js"],"memoryUsage":{"rss":83488768,"heapTotal":60682240,"heapUsed":32584768,"external":21633199,"arrayBuffers":18313568}},"os":{"loadavg":[0,0,0],"uptime":14013.437},"trace":[{"column":19,"file":"c:\\Users\\gomez\\Documents\\TOP\\backend\\node_modules\\path-to-regexp\\dist\\index.js","function":"name","line":96,"method":null,"native":false},{"column":68,"file":"c:\\Users\\gomez\\Documents\\TOP\\backend\\node_modules\\path-to-regexp\\dist\\index.js","function":"parse","line":113,"method":null,"native":false},{"column":58,"file":"c:\\Users\\gomez\\Documents\\TOP\\backend\\node_modules\\path-to-regexp\\dist\\index.js","function":"pathToRegexp","line":267,"method":null,"native":false},{"column":30,"file":"c:\\Users\\gomez\\Documents\\TOP\\backend\\node_modules\\path-to-regexp\\dist\\index.js","function":"Object.match","line":237,"method":"match","native":false},{"column":23,"file":"c:\\Users\\gomez\\Documents\\TOP\\backend\\node_modules\\router\\lib\\layer.js","function":"matcher","line":86,"method":null,"native":false},{"column":62,"file":"c:\\Users\\gomez\\Documents\\TOP\\backend\\node_modules\\router\\lib\\layer.js","function":"new Layer","line":93,"method":null,"native":false},{"column":19,"file":"c:\\Users\\gomez\\Documents\\TOP\\backend\\node_modules\\router\\index.js","function":"Function.use","line":398,"method":"use","native":false},{"column":21,"file":"c:\\Users\\gomez\\Documents\\TOP\\backend\\node_modules\\express\\lib\\application.js","function":null,"line":222,"method":null,"native":false},{"column":null,"file":null,"function":"Array.forEach","line":null,"method":"forEach","native":false},{"column":7,"file":"c:\\Users\\gomez\\Documents\\TOP\\backend\\node_modules\\express\\lib\\application.js","function":"Function.use","line":219,"method":"use","native":false}]}
TypeError: Missing parameter name at index 1: *; visit https://git.new/pathToRegexpError for info
    at name (c:\Users\gomez\Documents\TOP\backend\node_modules\path-to-regexp\dist\index.js:96:19)
    at parse (c:\Users\gomez\Documents\TOP\backend\node_modules\path-to-regexp\dist\index.js:113:68)
    at pathToRegexp (c:\Users\gomez\Documents\TOP\backend\node_modules\path-to-regexp\dist\index.js:267:58)
    at Object.match (c:\Users\gomez\Documents\TOP\backend\node_modules\path-to-regexp\dist\index.js:237:30)
    at matcher (c:\Users\gomez\Documents\TOP\backend\node_modules\router\lib\layer.js:86:23)
    at new Layer (c:\Users\gomez\Documents\TOP\backend\node_modules\router\lib\layer.js:93:62)
    at Function.use (c:\Users\gomez\Documents\TOP\backend\node_modules\router\index.js:398:19)
    at Function.<anonymous> (c:\Users\gomez\Documents\TOP\backend\node_modules\express\lib\application.js:222:21)
    at Array.forEach (<anonymous>)
    at Function.use (c:\Users\gomez\Documents\TOP\backend\node_modules\express\lib\application.js:219:7)
2025-09-19 16:06:54 [ERROR]: uncaughtException: Missing parameter name at index 1: *; visit https://git.new/pathToRegexpError for info
TypeError: Missing parameter name at index 1: *; visit https://git.new/pathToRegexpError for info
    at name (c:\Users\gomez\Documents\TOP\backend\node_modules\path-to-regexp\dist\index.js:96:19)
    at parse (c:\Users\gomez\Documents\TOP\backend\node_modules\path-to-regexp\dist\index.js:113:68)
    at pathToRegexp (c:\Users\gomez\Documents\TOP\backend\node_modules\path-to-regexp\dist\index.js:267:58)
    at Object.match (c:\Users\gomez\Documents\TOP\backend\node_modules\path-to-regexp\dist\index.js:237:30)
    at matcher (c:\Users\gomez\Documents\TOP\backend\node_modules\router\lib\layer.js:86:23)
    at new Layer (c:\Users\gomez\Documents\TOP\backend\node_modules\router\lib\layer.js:93:62)
    at Function.use (c:\Users\gomez\Documents\TOP\backend\node_modules\router\index.js:398:19)
    at Function.<anonymous> (c:\Users\gomez\Documents\TOP\backend\node_modules\express\lib\application.js:222:21)
    at Array.forEach (<anonymous>)
    at Function.use (c:\Users\gomez\Documents\TOP\backend\node_modules\express\lib\application.js:219:7) | {"error":{"originalPath":"*"},"exception":true,"date":"Fri Sep 19 2025 16:06:53 GMT-0600 (hora estándar central)","process":{"pid":20508,"uid":null,"gid":null,"cwd":"c:\\Users\\gomez\\Documents\\TOP\\backend","execPath":"C:\\Program Files\\nodejs\\node.exe","version":"v22.18.0","argv":["C:\\Program Files\\nodejs\\node.exe","c:\\Users\\gomez\\Documents\\TOP\\backend\\server.js"],"memoryUsage":{"rss":83607552,"heapTotal":60682240,"heapUsed":32718008,"external":21633199,"arrayBuffers":18313568}},"os":{"loadavg":[0,0,0],"uptime":14048.031},"trace":[{"column":19,"file":"c:\\Users\\gomez\\Documents\\TOP\\backend\\node_modules\\path-to-regexp\\dist\\index.js","function":"name","line":96,"method":null,"native":false},{"column":68,"file":"c:\\Users\\gomez\\Documents\\TOP\\backend\\node_modules\\path-to-regexp\\dist\\index.js","function":"parse","line":113,"method":null,"native":false},{"column":58,"file":"c:\\Users\\gomez\\Documents\\TOP\\backend\\node_modules\\path-to-regexp\\dist\\index.js","function":"pathToRegexp","line":267,"method":null,"native":false},{"column":30,"file":"c:\\Users\\gomez\\Documents\\TOP\\backend\\node_modules\\path-to-regexp\\dist\\index.js","function":"Object.match","line":237,"method":"match","native":false},{"column":23,"file":"c:\\Users\\gomez\\Documents\\TOP\\backend\\node_modules\\router\\lib\\layer.js","function":"matcher","line":86,"method":null,"native":false},{"column":62,"file":"c:\\Users\\gomez\\Documents\\TOP\\backend\\node_modules\\router\\lib\\layer.js","function":"new Layer","line":93,"method":null,"native":false},{"column":19,"file":"c:\\Users\\gomez\\Documents\\TOP\\backend\\node_modules\\router\\index.js","function":"Function.use","line":398,"method":"use","native":false},{"column":21,"file":"c:\\Users\\gomez\\Documents\\TOP\\backend\\node_modules\\express\\lib\\application.js","function":null,"line":222,"method":null,"native":false},{"column":null,"file":null,"function":"Array.forEach","line":null,"method":"forEach","native":false},{"column":7,"file":"c:\\Users\\gomez\\Documents\\TOP\\backend\\node_modules\\express\\lib\\application.js","function":"Function.use","line":219,"method":"use","native":false}]}
TypeError: Missing parameter name at index 1: *; visit https://git.new/pathToRegexpError for info
    at name (c:\Users\gomez\Documents\TOP\backend\node_modules\path-to-regexp\dist\index.js:96:19)
    at parse (c:\Users\gomez\Documents\TOP\backend\node_modules\path-to-regexp\dist\index.js:113:68)
    at pathToRegexp (c:\Users\gomez\Documents\TOP\backend\node_modules\path-to-regexp\dist\index.js:267:58)
    at Object.match (c:\Users\gomez\Documents\TOP\backend\node_modules\path-to-regexp\dist\index.js:237:30)
    at matcher (c:\Users\gomez\Documents\TOP\backend\node_modules\router\lib\layer.js:86:23)
    at new Layer (c:\Users\gomez\Documents\TOP\backend\node_modules\router\lib\layer.js:93:62)
    at Function.use (c:\Users\gomez\Documents\TOP\backend\node_modules\router\index.js:398:19)
    at Function.<anonymous> (c:\Users\gomez\Documents\TOP\backend\node_modules\express\lib\application.js:222:21)
    at Array.forEach (<anonymous>)
    at Function.use (c:\Users\gomez\Documents\TOP\backend\node_modules\express\lib\application.js:219:7)
2025-09-19 16:12:16 [ERROR]: uncaughtException: Missing parameter name at index 1: *; visit https://git.new/pathToRegexpError for info
TypeError: Missing parameter name at index 1: *; visit https://git.new/pathToRegexpError for info
    at name (c:\Users\gomez\Documents\TOP\backend\node_modules\path-to-regexp\dist\index.js:96:19)
    at parse (c:\Users\gomez\Documents\TOP\backend\node_modules\path-to-regexp\dist\index.js:113:68)
    at pathToRegexp (c:\Users\gomez\Documents\TOP\backend\node_modules\path-to-regexp\dist\index.js:267:58)
    at Object.match (c:\Users\gomez\Documents\TOP\backend\node_modules\path-to-regexp\dist\index.js:237:30)
    at matcher (c:\Users\gomez\Documents\TOP\backend\node_modules\router\lib\layer.js:86:23)
    at new Layer (c:\Users\gomez\Documents\TOP\backend\node_modules\router\lib\layer.js:93:62)
    at Function.use (c:\Users\gomez\Documents\TOP\backend\node_modules\router\index.js:398:19)
    at Function.<anonymous> (c:\Users\gomez\Documents\TOP\backend\node_modules\express\lib\application.js:222:21)
    at Array.forEach (<anonymous>)
    at Function.use (c:\Users\gomez\Documents\TOP\backend\node_modules\express\lib\application.js:219:7) | {"error":{"originalPath":"*"},"exception":true,"date":"Fri Sep 19 2025 16:12:16 GMT-0600 (hora estándar central)","process":{"pid":21160,"uid":null,"gid":null,"cwd":"c:\\Users\\gomez\\Documents\\TOP\\backend","execPath":"C:\\Program Files\\nodejs\\node.exe","version":"v22.18.0","argv":["C:\\Program Files\\nodejs\\node.exe","c:\\Users\\gomez\\Documents\\TOP\\backend\\server.js"],"memoryUsage":{"rss":86241280,"heapTotal":60682240,"heapUsed":32716768,"external":21633199,"arrayBuffers":18313568}},"os":{"loadavg":[0,0,0],"uptime":14370.328},"trace":[{"column":19,"file":"c:\\Users\\gomez\\Documents\\TOP\\backend\\node_modules\\path-to-regexp\\dist\\index.js","function":"name","line":96,"method":null,"native":false},{"column":68,"file":"c:\\Users\\gomez\\Documents\\TOP\\backend\\node_modules\\path-to-regexp\\dist\\index.js","function":"parse","line":113,"method":null,"native":false},{"column":58,"file":"c:\\Users\\gomez\\Documents\\TOP\\backend\\node_modules\\path-to-regexp\\dist\\index.js","function":"pathToRegexp","line":267,"method":null,"native":false},{"column":30,"file":"c:\\Users\\gomez\\Documents\\TOP\\backend\\node_modules\\path-to-regexp\\dist\\index.js","function":"Object.match","line":237,"method":"match","native":false},{"column":23,"file":"c:\\Users\\gomez\\Documents\\TOP\\backend\\node_modules\\router\\lib\\layer.js","function":"matcher","line":86,"method":null,"native":false},{"column":62,"file":"c:\\Users\\gomez\\Documents\\TOP\\backend\\node_modules\\router\\lib\\layer.js","function":"new Layer","line":93,"method":null,"native":false},{"column":19,"file":"c:\\Users\\gomez\\Documents\\TOP\\backend\\node_modules\\router\\index.js","function":"Function.use","line":398,"method":"use","native":false},{"column":21,"file":"c:\\Users\\gomez\\Documents\\TOP\\backend\\node_modules\\express\\lib\\application.js","function":null,"line":222,"method":null,"native":false},{"column":null,"file":null,"function":"Array.forEach","line":null,"method":"forEach","native":false},{"column":7,"file":"c:\\Users\\gomez\\Documents\\TOP\\backend\\node_modules\\express\\lib\\application.js","function":"Function.use","line":219,"method":"use","native":false}]}
TypeError: Missing parameter name at index 1: *; visit https://git.new/pathToRegexpError for info
    at name (c:\Users\gomez\Documents\TOP\backend\node_modules\path-to-regexp\dist\index.js:96:19)
    at parse (c:\Users\gomez\Documents\TOP\backend\node_modules\path-to-regexp\dist\index.js:113:68)
    at pathToRegexp (c:\Users\gomez\Documents\TOP\backend\node_modules\path-to-regexp\dist\index.js:267:58)
    at Object.match (c:\Users\gomez\Documents\TOP\backend\node_modules\path-to-regexp\dist\index.js:237:30)
    at matcher (c:\Users\gomez\Documents\TOP\backend\node_modules\router\lib\layer.js:86:23)
    at new Layer (c:\Users\gomez\Documents\TOP\backend\node_modules\router\lib\layer.js:93:62)
    at Function.use (c:\Users\gomez\Documents\TOP\backend\node_modules\router\index.js:398:19)
    at Function.<anonymous> (c:\Users\gomez\Documents\TOP\backend\node_modules\express\lib\application.js:222:21)
    at Array.forEach (<anonymous>)
    at Function.use (c:\Users\gomez\Documents\TOP\backend\node_modules\express\lib\application.js:219:7)
2025-09-19 16:16:55 [ERROR]: uncaughtException: Missing parameter name at index 1: *; visit https://git.new/pathToRegexpError for info
TypeError: Missing parameter name at index 1: *; visit https://git.new/pathToRegexpError for info
    at name (c:\Users\gomez\Documents\TOP\backend\node_modules\path-to-regexp\dist\index.js:96:19)
    at parse (c:\Users\gomez\Documents\TOP\backend\node_modules\path-to-regexp\dist\index.js:113:68)
    at pathToRegexp (c:\Users\gomez\Documents\TOP\backend\node_modules\path-to-regexp\dist\index.js:267:58)
    at Object.match (c:\Users\gomez\Documents\TOP\backend\node_modules\path-to-regexp\dist\index.js:237:30)
    at matcher (c:\Users\gomez\Documents\TOP\backend\node_modules\router\lib\layer.js:86:23)
    at new Layer (c:\Users\gomez\Documents\TOP\backend\node_modules\router\lib\layer.js:93:62)
    at Function.use (c:\Users\gomez\Documents\TOP\backend\node_modules\router\index.js:398:19)
    at Function.<anonymous> (c:\Users\gomez\Documents\TOP\backend\node_modules\express\lib\application.js:222:21)
    at Array.forEach (<anonymous>)
    at Function.use (c:\Users\gomez\Documents\TOP\backend\node_modules\express\lib\application.js:219:7) | {"error":{"originalPath":"*"},"exception":true,"date":"Fri Sep 19 2025 16:16:55 GMT-0600 (hora estándar central)","process":{"pid":19192,"uid":null,"gid":null,"cwd":"c:\\Users\\gomez\\Documents\\TOP\\backend","execPath":"C:\\Program Files\\nodejs\\node.exe","version":"v22.18.0","argv":["C:\\Program Files\\nodejs\\node.exe","c:\\Users\\gomez\\Documents\\TOP\\backend\\server.js"],"memoryUsage":{"rss":88829952,"heapTotal":60944384,"heapUsed":32901240,"external":21757440,"arrayBuffers":18313744}},"os":{"loadavg":[0,0,0],"uptime":14650},"trace":[{"column":19,"file":"c:\\Users\\gomez\\Documents\\TOP\\backend\\node_modules\\path-to-regexp\\dist\\index.js","function":"name","line":96,"method":null,"native":false},{"column":68,"file":"c:\\Users\\gomez\\Documents\\TOP\\backend\\node_modules\\path-to-regexp\\dist\\index.js","function":"parse","line":113,"method":null,"native":false},{"column":58,"file":"c:\\Users\\gomez\\Documents\\TOP\\backend\\node_modules\\path-to-regexp\\dist\\index.js","function":"pathToRegexp","line":267,"method":null,"native":false},{"column":30,"file":"c:\\Users\\gomez\\Documents\\TOP\\backend\\node_modules\\path-to-regexp\\dist\\index.js","function":"Object.match","line":237,"method":"match","native":false},{"column":23,"file":"c:\\Users\\gomez\\Documents\\TOP\\backend\\node_modules\\router\\lib\\layer.js","function":"matcher","line":86,"method":null,"native":false},{"column":62,"file":"c:\\Users\\gomez\\Documents\\TOP\\backend\\node_modules\\router\\lib\\layer.js","function":"new Layer","line":93,"method":null,"native":false},{"column":19,"file":"c:\\Users\\gomez\\Documents\\TOP\\backend\\node_modules\\router\\index.js","function":"Function.use","line":398,"method":"use","native":false},{"column":21,"file":"c:\\Users\\gomez\\Documents\\TOP\\backend\\node_modules\\express\\lib\\application.js","function":null,"line":222,"method":null,"native":false},{"column":null,"file":null,"function":"Array.forEach","line":null,"method":"forEach","native":false},{"column":7,"file":"c:\\Users\\gomez\\Documents\\TOP\\backend\\node_modules\\express\\lib\\application.js","function":"Function.use","line":219,"method":"use","native":false}]}
TypeError: Missing parameter name at index 1: *; visit https://git.new/pathToRegexpError for info
    at name (c:\Users\gomez\Documents\TOP\backend\node_modules\path-to-regexp\dist\index.js:96:19)
    at parse (c:\Users\gomez\Documents\TOP\backend\node_modules\path-to-regexp\dist\index.js:113:68)
    at pathToRegexp (c:\Users\gomez\Documents\TOP\backend\node_modules\path-to-regexp\dist\index.js:267:58)
    at Object.match (c:\Users\gomez\Documents\TOP\backend\node_modules\path-to-regexp\dist\index.js:237:30)
    at matcher (c:\Users\gomez\Documents\TOP\backend\node_modules\router\lib\layer.js:86:23)
    at new Layer (c:\Users\gomez\Documents\TOP\backend\node_modules\router\lib\layer.js:93:62)
    at Function.use (c:\Users\gomez\Documents\TOP\backend\node_modules\router\index.js:398:19)
    at Function.<anonymous> (c:\Users\gomez\Documents\TOP\backend\node_modules\express\lib\application.js:222:21)
    at Array.forEach (<anonymous>)
    at Function.use (c:\Users\gomez\Documents\TOP\backend\node_modules\express\lib\application.js:219:7)
